Using pre-set license
Built from '2021.1/staging' branch; Version is '2021.1.3f1 (4bef613afd59) revision 4976481'; Using compiler version '192528614'; Build Type 'Release'
OS: 'Windows 10 Pro; OS build 19044.2130; Version 2009; 64bit' Language: 'es' Physical Memory: 16299 MB
BatchMode: 1, IsHumanControllingUs: 0, StartBugReporterOnCrash: 0, Is64bit: 1, IsPro: 0

 COMMAND LINE ARGUMENTS:
C:\Program Files\Unity\Hub\Editor\2021.1.3f1\Editor\Unity.exe
-adb2
-batchMode
-noUpm
-name
AssetImportWorker0
-projectPath
E:/Unity/UnityProjects/TerrainsDemo
-logFile
Logs/AssetImportWorker0.log
-srvPort
50478
Successfully changed project path to: E:/Unity/UnityProjects/TerrainsDemo
E:/Unity/UnityProjects/TerrainsDemo
Using Asset Import Pipeline V2.
Refreshing native plugins compatible for Editor in 75.34 ms, found 1 plugins.
Preloading 0 native plugins for Editor in 0.00 ms.
Initialize engine version: 2021.1.3f1 (4bef613afd59)
[Subsystems] Discovering subsystems at path C:/Program Files/Unity/Hub/Editor/2021.1.3f1/Editor/Data/Resources/UnitySubsystems
[Subsystems] Discovering subsystems at path E:/Unity/UnityProjects/TerrainsDemo/Assets
GfxDevice: creating device client; threaded=0; jobified=0
Direct3D:
    Version:  Direct3D 11.0 [level 11.1]
    Renderer: NVIDIA GeForce GTX 1650 (ID=0x1f82)
    Vendor:   NVIDIA
    VRAM:     3962 MB
    Driver:   31.0.15.1694
Initialize mono
Mono path[0] = 'C:/Program Files/Unity/Hub/Editor/2021.1.3f1/Editor/Data/Managed'
Mono path[1] = 'C:/Program Files/Unity/Hub/Editor/2021.1.3f1/Editor/Data/MonoBleedingEdge/lib/mono/unityjit'
Mono config path = 'C:/Program Files/Unity/Hub/Editor/2021.1.3f1/Editor/Data/MonoBleedingEdge/etc'
Using monoOptions --debugger-agent=transport=dt_socket,embedding=1,server=y,suspend=n,address=127.0.0.1:56720
Begin MonoManager ReloadAssembly
Registering precompiled unity dll's ...
Register platform support module: C:/Program Files/Unity/Hub/Editor/2021.1.3f1/Editor/Data/PlaybackEngines/MacStandaloneSupport/UnityEditor.OSXStandalone.Extensions.dll
Register platform support module: C:/Program Files/Unity/Hub/Editor/2021.1.3f1/Editor/Data/PlaybackEngines/WindowsStandaloneSupport/UnityEditor.WindowsStandalone.Extensions.dll
Registered in 0.002367 seconds.
Native extension for WindowsStandalone target not found
Native extension for OSXStandalone target not found
Refreshing native plugins compatible for Editor in 76.66 ms, found 1 plugins.
Preloading 0 native plugins for Editor in 0.00 ms.
Mono: successfully reloaded assembly
- Completed reload, in  1.715 seconds
Platform modules already initialized, skipping
Registering precompiled user dll's ...
Registered in 0.003592 seconds.
Begin MonoManager ReloadAssembly
Native extension for WindowsStandalone target not found
Native extension for OSXStandalone target not found
Refreshing native plugins compatible for Editor in 80.97 ms, found 1 plugins.
Preloading 0 native plugins for Editor in 0.00 ms.
Mono: successfully reloaded assembly
- Completed reload, in  1.021 seconds
Platform modules already initialized, skipping
========================================================================
Worker process is ready to serve import requests
Launched and connected shader compiler UnityShaderCompiler.exe after 0.03 seconds
Refreshing native plugins compatible for Editor in 0.55 ms, found 1 plugins.
Preloading 0 native plugins for Editor in 0.00 ms.
Unloading 3186 Unused Serialized files (Serialized files now loaded: 0)
System memory in use before: 122.1 MB.
System memory in use after: 122.2 MB.

Unloading 19 unused Assets to reduce memory usage. Loaded Objects now: 3643.
Total: 2.249700 ms (FindLiveObjects: 0.232700 ms CreateObjectMapping: 0.189500 ms MarkObjects: 1.737200 ms  DeleteObjects: 0.089700 ms)

========================================================================
Received Import Request.
  path: Assets/CubexCube - Free City Pack I/Prefabs/Billboards
  artifactKey: Guid(23460841f9fc821428cf674ecc269eab) Importer(815301076,1909f56bfc062723c751e8b465ee728b)
Start importing Assets/CubexCube - Free City Pack I/Prefabs/Billboards using Guid(23460841f9fc821428cf674ecc269eab) Importer(815301076,1909f56bfc062723c751e8b465ee728b)  -> (artifact id: '4406c4a72bbf8c2e6c446a28a43e06e5') in 0.008307 seconds 
========================================================================
Received Import Request.
  Time since last request: 0.000247 seconds.
  path: Assets/CubexCube - Free City Pack I/Models
  artifactKey: Guid(fde03cfdb81dbea4a96d19e235a50bff) Importer(815301076,1909f56bfc062723c751e8b465ee728b)
Start importing Assets/CubexCube - Free City Pack I/Models using Guid(fde03cfdb81dbea4a96d19e235a50bff) Importer(815301076,1909f56bfc062723c751e8b465ee728b)  -> (artifact id: '93056707dd1340a7ba683eff328b2803') in 0.045985 seconds 
========================================================================
Received Import Request.
  Time since last request: 10529.795476 seconds.
  path: Assets/SimpliCity_Construction_Yard/- Meshes/scp_cy_sign_01.FBX
  artifactKey: Guid(21e759cd6d2491e4d9611339f5a33716) Importer(815301076,1909f56bfc062723c751e8b465ee728b)
Start importing Assets/SimpliCity_Construction_Yard/- Meshes/scp_cy_sign_01.FBX using Guid(21e759cd6d2491e4d9611339f5a33716) Importer(815301076,1909f56bfc062723c751e8b465ee728b)  -> (artifact id: '5e0ce8075384f80ef926115a67c3e453') in 0.268995 seconds 
========================================================================
Received Import Request.
  Time since last request: 0.000295 seconds.
  path: Assets/SimpliCity_Construction_Yard/- Meshes/scp_cy_stepladder.FBX
  artifactKey: Guid(ba5f229086ea3e84883e47125a911f6b) Importer(815301076,1909f56bfc062723c751e8b465ee728b)
Start importing Assets/SimpliCity_Construction_Yard/- Meshes/scp_cy_stepladder.FBX using Guid(ba5f229086ea3e84883e47125a911f6b) Importer(815301076,1909f56bfc062723c751e8b465ee728b)  -> (artifact id: '94ead957396452084fce4bb69f0c6fdb') in 0.049319 seconds 
========================================================================
Received Import Request.
  Time since last request: 0.000310 seconds.
  path: Assets/SimpliCity_Construction_Yard/- Meshes/scp_cy_toolbox_02.FBX
  artifactKey: Guid(6cf18d5296dd6bc42ad67775510aa449) Importer(815301076,1909f56bfc062723c751e8b465ee728b)
Start importing Assets/SimpliCity_Construction_Yard/- Meshes/scp_cy_toolbox_02.FBX using Guid(6cf18d5296dd6bc42ad67775510aa449) Importer(815301076,1909f56bfc062723c751e8b465ee728b)  -> (artifact id: 'd44976d377c6f26d14bd7992cc9eda0e') in 0.063277 seconds 
========================================================================
Received Import Request.
  Time since last request: 0.000381 seconds.
  path: Assets/SimpliCity_Construction_Yard/- Meshes/scp_cy_wrench.FBX
  artifactKey: Guid(8b5cc494bcc59c84795a15f06089457f) Importer(815301076,1909f56bfc062723c751e8b465ee728b)
Start importing Assets/SimpliCity_Construction_Yard/- Meshes/scp_cy_wrench.FBX using Guid(8b5cc494bcc59c84795a15f06089457f) Importer(815301076,1909f56bfc062723c751e8b465ee728b)  -> (artifact id: '1d14c7c5af5c4cda66438538eda14e2d') in 0.033584 seconds 
========================================================================
Received Import Request.
  Time since last request: 0.000312 seconds.
  path: Assets/SimpliCity_Construction_Yard/- Meshes/scp_cy_toolbox_01.FBX
  artifactKey: Guid(4bafef2e0493055438decc1f34b3d9d4) Importer(815301076,1909f56bfc062723c751e8b465ee728b)
Start importing Assets/SimpliCity_Construction_Yard/- Meshes/scp_cy_toolbox_01.FBX using Guid(4bafef2e0493055438decc1f34b3d9d4) Importer(815301076,1909f56bfc062723c751e8b465ee728b)  -> (artifact id: '78cbd1d6c1b039941a81463bcc762eb5') in 0.019800 seconds 
========================================================================
Received Import Request.
  Time since last request: 0.000185 seconds.
  path: Assets/SimpliCity_Construction_Yard/- Meshes/scp_cy_wheelbarrow_02.FBX
  artifactKey: Guid(67e1ffba7fbe2c5458f9ef93157b6e2c) Importer(815301076,1909f56bfc062723c751e8b465ee728b)
Start importing Assets/SimpliCity_Construction_Yard/- Meshes/scp_cy_wheelbarrow_02.FBX using Guid(67e1ffba7fbe2c5458f9ef93157b6e2c) Importer(815301076,1909f56bfc062723c751e8b465ee728b)  -> (artifact id: '14ac50a422e799dc4b8742a3ae4a934a') in 0.083866 seconds 
========================================================================
Received Import Request.
  Time since last request: 0.000308 seconds.
  path: Assets/SimpliCity_Construction_Yard/- Meshes/scp_cy_trowel_01.FBX
  artifactKey: Guid(851a384f7883ffd41a257e8a0bda4da4) Importer(815301076,1909f56bfc062723c751e8b465ee728b)
Start importing Assets/SimpliCity_Construction_Yard/- Meshes/scp_cy_trowel_01.FBX using Guid(851a384f7883ffd41a257e8a0bda4da4) Importer(815301076,1909f56bfc062723c751e8b465ee728b)  -> (artifact id: 'c0702476c85b5ea6ee3adeb999328428') in 0.129816 seconds 
========================================================================
Received Import Request.
  Time since last request: 0.000230 seconds.
  path: Assets/SimpliCity_Construction_Yard/- Meshes/scp_cy_trowel_02.FBX
  artifactKey: Guid(9376575a6ad20ef4eadea2ea5643a491) Importer(815301076,1909f56bfc062723c751e8b465ee728b)
Start importing Assets/SimpliCity_Construction_Yard/- Meshes/scp_cy_trowel_02.FBX using Guid(9376575a6ad20ef4eadea2ea5643a491) Importer(815301076,1909f56bfc062723c751e8b465ee728b)  -> (artifact id: '7cb0fedc07acd52923fcd835882cf782') in 0.040228 seconds 
========================================================================
Received Import Request.
  Time since last request: 0.000271 seconds.
  path: Assets/SimpliCity_Construction_Yard/- Meshes/scp_cy_wheelbarrow_01.FBX
  artifactKey: Guid(ee75171b4682db94eab50bf424d0620e) Importer(815301076,1909f56bfc062723c751e8b465ee728b)
Start importing Assets/SimpliCity_Construction_Yard/- Meshes/scp_cy_wheelbarrow_01.FBX using Guid(ee75171b4682db94eab50bf424d0620e) Importer(815301076,1909f56bfc062723c751e8b465ee728b)  -> (artifact id: 'cee053f270435fdb540e948378082f77') in 0.053305 seconds 
========================================================================
Received Import Request.
  Time since last request: 0.000184 seconds.
  path: Assets/SimpliCity_Construction_Yard/- Meshes/scp_cy_utility_knife_02.FBX
  artifactKey: Guid(75a69057b4a22464f914fc147042cc3c) Importer(815301076,1909f56bfc062723c751e8b465ee728b)
Start importing Assets/SimpliCity_Construction_Yard/- Meshes/scp_cy_utility_knife_02.FBX using Guid(75a69057b4a22464f914fc147042cc3c) Importer(815301076,1909f56bfc062723c751e8b465ee728b)  -> (artifact id: '074780acabe5626143c859d007fe5e70') in 0.131372 seconds 
========================================================================
Received Import Request.
  Time since last request: 0.000336 seconds.
  path: Assets/SimpliCity_Construction_Yard/- Meshes/scp_cy_tape_measure.FBX
  artifactKey: Guid(c8e0d4f86afa47045965d5eb63099aa1) Importer(815301076,1909f56bfc062723c751e8b465ee728b)
Start importing Assets/SimpliCity_Construction_Yard/- Meshes/scp_cy_tape_measure.FBX using Guid(c8e0d4f86afa47045965d5eb63099aa1) Importer(815301076,1909f56bfc062723c751e8b465ee728b)  -> (artifact id: '67123ba565ddc5852b2c1c556a8dbe83') in 0.018511 seconds 
========================================================================
Received Import Request.
  Time since last request: 0.000340 seconds.
  path: Assets/SimpliCity_Construction_Yard/- Meshes/scp_cy_truck_02.FBX
  artifactKey: Guid(f8be495a29e78af49b3306d0a4ce749c) Importer(815301076,1909f56bfc062723c751e8b465ee728b)
Start importing Assets/SimpliCity_Construction_Yard/- Meshes/scp_cy_truck_02.FBX using Guid(f8be495a29e78af49b3306d0a4ce749c) Importer(815301076,1909f56bfc062723c751e8b465ee728b)  -> (artifact id: '15a5cff6379e3350d29d9a0cdb0493b2') in 0.071881 seconds 
========================================================================
Received Import Request.
  Time since last request: 0.000311 seconds.
  path: Assets/SimpliCity_Construction_Yard/- Meshes/scp_cy_utility_knife_01.FBX
  artifactKey: Guid(966927e00b096d643b3cc0007b5618ce) Importer(815301076,1909f56bfc062723c751e8b465ee728b)
Start importing Assets/SimpliCity_Construction_Yard/- Meshes/scp_cy_utility_knife_01.FBX using Guid(966927e00b096d643b3cc0007b5618ce) Importer(815301076,1909f56bfc062723c751e8b465ee728b)  -> (artifact id: 'b0a0f385d82d28e393bfe73e5ede0f83') in 0.075143 seconds 
========================================================================
Received Import Request.
  Time since last request: 0.000243 seconds.
  path: Assets/SimpliCity_Construction_Yard/- Meshes/scp_cy_truck_01.FBX
  artifactKey: Guid(40673fa1c5f6e364494fe26b62906a69) Importer(815301076,1909f56bfc062723c751e8b465ee728b)
Start importing Assets/SimpliCity_Construction_Yard/- Meshes/scp_cy_truck_01.FBX using Guid(40673fa1c5f6e364494fe26b62906a69) Importer(815301076,1909f56bfc062723c751e8b465ee728b)  -> (artifact id: '4f12f48ef451913a4d1d386624ed5c67') in 0.111005 seconds 
========================================================================
Received Import Request.
  Time since last request: 0.000371 seconds.
  path: Assets/SimpliCity_Construction_Yard/- Meshes/scp_cy_sign_02.FBX
  artifactKey: Guid(c77a349d37a544c468ca38afd7969b3e) Importer(815301076,1909f56bfc062723c751e8b465ee728b)
Start importing Assets/SimpliCity_Construction_Yard/- Meshes/scp_cy_sign_02.FBX using Guid(c77a349d37a544c468ca38afd7969b3e) Importer(815301076,1909f56bfc062723c751e8b465ee728b)  -> (artifact id: '61d31e704e3d9a696ac15b9b43f6a425') in 0.016451 seconds 
========================================================================
Received Import Request.
  Time since last request: 0.000215 seconds.
  path: Assets/SimpliCity_Construction_Yard/- Meshes/scp_cy_wire_spool_01.FBX
  artifactKey: Guid(2663f0e87c5265147b246055527e8de0) Importer(815301076,1909f56bfc062723c751e8b465ee728b)
Start importing Assets/SimpliCity_Construction_Yard/- Meshes/scp_cy_wire_spool_01.FBX using Guid(2663f0e87c5265147b246055527e8de0) Importer(815301076,1909f56bfc062723c751e8b465ee728b)  -> (artifact id: '51a16a64b3fc9075bb46a70adf990e8e') in 0.018512 seconds 
========================================================================
Received Import Request.
  Time since last request: 0.000217 seconds.
  path: Assets/SimpliCity_Construction_Yard/- Meshes/scp_cy_toolbox_03.FBX
  artifactKey: Guid(718743d65988608479631b1b1c1894cb) Importer(815301076,1909f56bfc062723c751e8b465ee728b)
Start importing Assets/SimpliCity_Construction_Yard/- Meshes/scp_cy_toolbox_03.FBX using Guid(718743d65988608479631b1b1c1894cb) Importer(815301076,1909f56bfc062723c751e8b465ee728b)  -> (artifact id: 'e52627032b6a66344836d3a48ef875f8') in 0.025829 seconds 
========================================================================
Received Import Request.
  Time since last request: 0.000241 seconds.
  path: Assets/SimpliCity_Construction_Yard/- Meshes/scp_cy_wire_spool_02.FBX
  artifactKey: Guid(6b2350d4b2b17334f874d0a0c463ca67) Importer(815301076,1909f56bfc062723c751e8b465ee728b)
Start importing Assets/SimpliCity_Construction_Yard/- Meshes/scp_cy_wire_spool_02.FBX using Guid(6b2350d4b2b17334f874d0a0c463ca67) Importer(815301076,1909f56bfc062723c751e8b465ee728b)  -> (artifact id: '8ba728ab055309cc8ee10b9e11cc25f5') in 0.018078 seconds 
========================================================================
Received Import Request.
  Time since last request: 0.000231 seconds.
  path: Assets/SimpliCity_Construction_Yard/- Meshes/scp_cy_wooden_scaffold.FBX
  artifactKey: Guid(ec732c545603e974c9e71ce8844d3e1f) Importer(815301076,1909f56bfc062723c751e8b465ee728b)
Start importing Assets/SimpliCity_Construction_Yard/- Meshes/scp_cy_wooden_scaffold.FBX using Guid(ec732c545603e974c9e71ce8844d3e1f) Importer(815301076,1909f56bfc062723c751e8b465ee728b)  -> (artifact id: 'dd7f6853a4a0bec18b1913c3761545e3') in 0.016778 seconds 
========================================================================
Received Import Request.
  Time since last request: 14112.558900 seconds.
  path: Assets/Scripts/CustomTerrain.cs
  artifactKey: Guid(d7f946f7aa5b8eb449cb58611e8582a6) Importer(815301076,1909f56bfc062723c751e8b465ee728b)
Start importing Assets/Scripts/CustomTerrain.cs using Guid(d7f946f7aa5b8eb449cb58611e8582a6) Importer(815301076,1909f56bfc062723c751e8b465ee728b)  -> (artifact id: 'f1fe3d15e74659166eba25903f3b11db') in 0.022575 seconds 
========================================================================
Received Import Request.
  Time since last request: 0.733139 seconds.
  path: Assets/Scripts/SelectionManager.cs
  artifactKey: Guid(bbf040fcd25ed3947993ea3834a91c9c) Importer(815301076,1909f56bfc062723c751e8b465ee728b)
Start importing Assets/Scripts/SelectionManager.cs using Guid(bbf040fcd25ed3947993ea3834a91c9c) Importer(815301076,1909f56bfc062723c751e8b465ee728b)  -> (artifact id: '3a3d118b6da8a1fc8fd54f3c34a9550a') in 0.005353 seconds 
========================================================================
Received Import Request.
  Time since last request: 0.257922 seconds.
  path: Assets/Scripts/Tweening.cs
  artifactKey: Guid(cedb747de93a61a469855ea91ca0ec1e) Importer(815301076,1909f56bfc062723c751e8b465ee728b)
Start importing Assets/Scripts/Tweening.cs using Guid(cedb747de93a61a469855ea91ca0ec1e) Importer(815301076,1909f56bfc062723c751e8b465ee728b)  -> (artifact id: 'ef29ea63db406271d767cf9836ac8a86') in 0.004978 seconds 
========================================================================
Received Import Request.
  Time since last request: 64.520887 seconds.
  path: Assets/Scripts/SelectionManager.cs
  artifactKey: Guid(bbf040fcd25ed3947993ea3834a91c9c) Importer(815301076,1909f56bfc062723c751e8b465ee728b)
Start importing Assets/Scripts/SelectionManager.cs using Guid(bbf040fcd25ed3947993ea3834a91c9c) Importer(815301076,1909f56bfc062723c751e8b465ee728b)  -> (artifact id: '472d130f3b2c5161c879124a66bdb2a7') in 0.005801 seconds 
========================================================================
Received Prepare
Registering precompiled user dll's ...
Registered in 0.003687 seconds.
Begin MonoManager ReloadAssembly
Native extension for WindowsStandalone target not found
Native extension for OSXStandalone target not found
Refreshing native plugins compatible for Editor in 0.74 ms, found 1 plugins.
Preloading 0 native plugins for Editor in 0.00 ms.
Mono: successfully reloaded assembly
- Completed reload, in  1.144 seconds
Platform modules already initialized, skipping
Refreshing native plugins compatible for Editor in 0.57 ms, found 1 plugins.
Preloading 0 native plugins for Editor in 0.00 ms.
Unloading 3162 Unused Serialized files (Serialized files now loaded: 0)
System memory in use before: 124.2 MB.
System memory in use after: 124.5 MB.

Unloading 13 unused Assets to reduce memory usage. Loaded Objects now: 3656.
Total: 2.167100 ms (FindLiveObjects: 0.246500 ms CreateObjectMapping: 0.130800 ms MarkObjects: 1.723200 ms  DeleteObjects: 0.066000 ms)

========================================================================
Received Prepare
Registering precompiled user dll's ...
Registered in 0.003647 seconds.
Begin MonoManager ReloadAssembly
Native extension for WindowsStandalone target not found
Native extension for OSXStandalone target not found
Refreshing native plugins compatible for Editor in 0.79 ms, found 1 plugins.
Preloading 0 native plugins for Editor in 0.00 ms.
Mono: successfully reloaded assembly
- Completed reload, in  1.019 seconds
Platform modules already initialized, skipping
Refreshing native plugins compatible for Editor in 0.58 ms, found 1 plugins.
Preloading 0 native plugins for Editor in 0.00 ms.
Unloading 3162 Unused Serialized files (Serialized files now loaded: 0)
System memory in use before: 124.3 MB.
System memory in use after: 124.5 MB.

Unloading 12 unused Assets to reduce memory usage. Loaded Objects now: 3659.
Total: 1.993000 ms (FindLiveObjects: 0.218600 ms CreateObjectMapping: 0.136100 ms MarkObjects: 1.562900 ms  DeleteObjects: 0.074300 ms)

========================================================================
Received Prepare
Registering precompiled user dll's ...
Registered in 0.003356 seconds.
Begin MonoManager ReloadAssembly
Native extension for WindowsStandalone target not found
Native extension for OSXStandalone target not found
Refreshing native plugins compatible for Editor in 0.53 ms, found 1 plugins.
Preloading 0 native plugins for Editor in 0.00 ms.
Mono: successfully reloaded assembly
- Completed reload, in  0.862 seconds
Platform modules already initialized, skipping
Refreshing native plugins compatible for Editor in 0.65 ms, found 1 plugins.
Preloading 0 native plugins for Editor in 0.00 ms.
Unloading 3162 Unused Serialized files (Serialized files now loaded: 0)
System memory in use before: 124.3 MB.
System memory in use after: 124.6 MB.

Unloading 12 unused Assets to reduce memory usage. Loaded Objects now: 3662.
Total: 2.275800 ms (FindLiveObjects: 0.250500 ms CreateObjectMapping: 0.171500 ms MarkObjects: 1.690900 ms  DeleteObjects: 0.161600 ms)

========================================================================
Received Prepare
Registering precompiled user dll's ...
Registered in 0.003497 seconds.
Begin MonoManager ReloadAssembly
Native extension for WindowsStandalone target not found
Native extension for OSXStandalone target not found
Refreshing native plugins compatible for Editor in 0.55 ms, found 1 plugins.
Preloading 0 native plugins for Editor in 0.00 ms.
Mono: successfully reloaded assembly
- Completed reload, in  0.854 seconds
Platform modules already initialized, skipping
Refreshing native plugins compatible for Editor in 0.55 ms, found 1 plugins.
Preloading 0 native plugins for Editor in 0.00 ms.
Unloading 3162 Unused Serialized files (Serialized files now loaded: 0)
System memory in use before: 124.4 MB.
System memory in use after: 124.6 MB.

Unloading 12 unused Assets to reduce memory usage. Loaded Objects now: 3665.
Total: 2.570300 ms (FindLiveObjects: 0.256900 ms CreateObjectMapping: 0.176900 ms MarkObjects: 2.069300 ms  DeleteObjects: 0.046700 ms)

========================================================================
Received Prepare
Registering precompiled user dll's ...
Registered in 0.003006 seconds.
Begin MonoManager ReloadAssembly
Native extension for WindowsStandalone target not found
Native extension for OSXStandalone target not found
Refreshing native plugins compatible for Editor in 0.53 ms, found 1 plugins.
Preloading 0 native plugins for Editor in 0.00 ms.
Mono: successfully reloaded assembly
- Completed reload, in  0.854 seconds
Platform modules already initialized, skipping
Refreshing native plugins compatible for Editor in 0.56 ms, found 1 plugins.
Preloading 0 native plugins for Editor in 0.00 ms.
Unloading 3162 Unused Serialized files (Serialized files now loaded: 0)
System memory in use before: 124.4 MB.
System memory in use after: 124.6 MB.

Unloading 12 unused Assets to reduce memory usage. Loaded Objects now: 3668.
Total: 2.146500 ms (FindLiveObjects: 0.256100 ms CreateObjectMapping: 0.122900 ms MarkObjects: 1.697200 ms  DeleteObjects: 0.069700 ms)

========================================================================
Received Prepare
Registering precompiled user dll's ...
Registered in 0.003053 seconds.
Begin MonoManager ReloadAssembly
Native extension for WindowsStandalone target not found
Native extension for OSXStandalone target not found
Refreshing native plugins compatible for Editor in 0.64 ms, found 1 plugins.
Preloading 0 native plugins for Editor in 0.00 ms.
Mono: successfully reloaded assembly
- Completed reload, in  0.971 seconds
Platform modules already initialized, skipping
Refreshing native plugins compatible for Editor in 0.63 ms, found 1 plugins.
Preloading 0 native plugins for Editor in 0.00 ms.
Unloading 3162 Unused Serialized files (Serialized files now loaded: 0)
System memory in use before: 124.4 MB.
System memory in use after: 124.6 MB.

Unloading 12 unused Assets to reduce memory usage. Loaded Objects now: 3671.
Total: 3.250300 ms (FindLiveObjects: 0.289500 ms CreateObjectMapping: 0.193200 ms MarkObjects: 2.695700 ms  DeleteObjects: 0.070700 ms)

========================================================================
Received Prepare
Registering precompiled user dll's ...
Registered in 0.002992 seconds.
Begin MonoManager ReloadAssembly
Native extension for WindowsStandalone target not found
Native extension for OSXStandalone target not found
Refreshing native plugins compatible for Editor in 0.58 ms, found 1 plugins.
Preloading 0 native plugins for Editor in 0.00 ms.
Mono: successfully reloaded assembly
- Completed reload, in  0.873 seconds
Platform modules already initialized, skipping
Refreshing native plugins compatible for Editor in 0.60 ms, found 1 plugins.
Preloading 0 native plugins for Editor in 0.00 ms.
Unloading 3162 Unused Serialized files (Serialized files now loaded: 0)
System memory in use before: 124.4 MB.
System memory in use after: 124.6 MB.

Unloading 12 unused Assets to reduce memory usage. Loaded Objects now: 3674.
Total: 2.142800 ms (FindLiveObjects: 0.231900 ms CreateObjectMapping: 0.150100 ms MarkObjects: 1.719200 ms  DeleteObjects: 0.040900 ms)

========================================================================
Received Prepare
Registering precompiled user dll's ...
Registered in 0.003108 seconds.
Begin MonoManager ReloadAssembly
Native extension for WindowsStandalone target not found
Native extension for OSXStandalone target not found
Refreshing native plugins compatible for Editor in 0.61 ms, found 1 plugins.
Preloading 0 native plugins for Editor in 0.00 ms.
Mono: successfully reloaded assembly
- Completed reload, in  0.893 seconds
Platform modules already initialized, skipping
Refreshing native plugins compatible for Editor in 0.63 ms, found 1 plugins.
Preloading 0 native plugins for Editor in 0.00 ms.
Unloading 3162 Unused Serialized files (Serialized files now loaded: 0)
System memory in use before: 124.4 MB.
System memory in use after: 124.6 MB.

Unloading 12 unused Assets to reduce memory usage. Loaded Objects now: 3677.
Total: 2.076600 ms (FindLiveObjects: 0.271100 ms CreateObjectMapping: 0.198400 ms MarkObjects: 1.563800 ms  DeleteObjects: 0.042300 ms)

========================================================================
Received Prepare
Registering precompiled user dll's ...
Registered in 0.003050 seconds.
Begin MonoManager ReloadAssembly
Native extension for WindowsStandalone target not found
Native extension for OSXStandalone target not found
Refreshing native plugins compatible for Editor in 0.54 ms, found 1 plugins.
Preloading 0 native plugins for Editor in 0.00 ms.
Mono: successfully reloaded assembly
- Completed reload, in  0.905 seconds
Platform modules already initialized, skipping
Refreshing native plugins compatible for Editor in 0.54 ms, found 1 plugins.
Preloading 0 native plugins for Editor in 0.00 ms.
Unloading 3162 Unused Serialized files (Serialized files now loaded: 0)
System memory in use before: 124.4 MB.
System memory in use after: 124.6 MB.

Unloading 12 unused Assets to reduce memory usage. Loaded Objects now: 3680.
Total: 2.329800 ms (FindLiveObjects: 0.336200 ms CreateObjectMapping: 0.137700 ms MarkObjects: 1.795600 ms  DeleteObjects: 0.059300 ms)

========================================================================
Received Prepare
Registering precompiled user dll's ...
Registered in 0.003207 seconds.
Begin MonoManager ReloadAssembly
Native extension for WindowsStandalone target not found
Native extension for OSXStandalone target not found
Refreshing native plugins compatible for Editor in 0.59 ms, found 1 plugins.
Preloading 0 native plugins for Editor in 0.00 ms.
Mono: successfully reloaded assembly
- Completed reload, in  0.953 seconds
Platform modules already initialized, skipping
Refreshing native plugins compatible for Editor in 0.58 ms, found 1 plugins.
Preloading 0 native plugins for Editor in 0.00 ms.
Unloading 3162 Unused Serialized files (Serialized files now loaded: 0)
System memory in use before: 124.4 MB.
System memory in use after: 124.6 MB.

Unloading 12 unused Assets to reduce memory usage. Loaded Objects now: 3683.
Total: 2.687300 ms (FindLiveObjects: 0.447800 ms CreateObjectMapping: 0.276900 ms MarkObjects: 1.905400 ms  DeleteObjects: 0.055700 ms)

========================================================================
Received Prepare
Registering precompiled user dll's ...
Registered in 0.002940 seconds.
Begin MonoManager ReloadAssembly
Native extension for WindowsStandalone target not found
Native extension for OSXStandalone target not found
Refreshing native plugins compatible for Editor in 0.59 ms, found 1 plugins.
Preloading 0 native plugins for Editor in 0.00 ms.
Mono: successfully reloaded assembly
- Completed reload, in  0.891 seconds
Platform modules already initialized, skipping
Refreshing native plugins compatible for Editor in 0.72 ms, found 1 plugins.
Preloading 0 native plugins for Editor in 0.00 ms.
Unloading 3162 Unused Serialized files (Serialized files now loaded: 0)
System memory in use before: 124.4 MB.
System memory in use after: 124.6 MB.

Unloading 12 unused Assets to reduce memory usage. Loaded Objects now: 3686.
Total: 2.581900 ms (FindLiveObjects: 0.281500 ms CreateObjectMapping: 0.146200 ms MarkObjects: 2.074300 ms  DeleteObjects: 0.078900 ms)

========================================================================
Received Prepare
Registering precompiled user dll's ...
Registered in 0.003102 seconds.
Begin MonoManager ReloadAssembly
Native extension for WindowsStandalone target not found
Native extension for OSXStandalone target not found
Refreshing native plugins compatible for Editor in 0.82 ms, found 1 plugins.
Preloading 0 native plugins for Editor in 0.00 ms.
Mono: successfully reloaded assembly
- Completed reload, in  0.876 seconds
Platform modules already initialized, skipping
Refreshing native plugins compatible for Editor in 0.71 ms, found 1 plugins.
Preloading 0 native plugins for Editor in 0.00 ms.
Unloading 3162 Unused Serialized files (Serialized files now loaded: 0)
System memory in use before: 124.4 MB.
System memory in use after: 124.7 MB.

Unloading 12 unused Assets to reduce memory usage. Loaded Objects now: 3689.
Total: 2.614600 ms (FindLiveObjects: 0.253100 ms CreateObjectMapping: 0.142300 ms MarkObjects: 2.177600 ms  DeleteObjects: 0.040900 ms)

========================================================================
Received Prepare
Registering precompiled user dll's ...
Registered in 0.003148 seconds.
Begin MonoManager ReloadAssembly
Native extension for WindowsStandalone target not found
Native extension for OSXStandalone target not found
Refreshing native plugins compatible for Editor in 0.54 ms, found 1 plugins.
Preloading 0 native plugins for Editor in 0.00 ms.
Mono: successfully reloaded assembly
- Completed reload, in  0.851 seconds
Platform modules already initialized, skipping
Refreshing native plugins compatible for Editor in 0.54 ms, found 1 plugins.
Preloading 0 native plugins for Editor in 0.00 ms.
Unloading 3162 Unused Serialized files (Serialized files now loaded: 0)
System memory in use before: 124.5 MB.
System memory in use after: 124.7 MB.

Unloading 12 unused Assets to reduce memory usage. Loaded Objects now: 3692.
Total: 2.207600 ms (FindLiveObjects: 0.293900 ms CreateObjectMapping: 0.176100 ms MarkObjects: 1.679500 ms  DeleteObjects: 0.056800 ms)

========================================================================
Received Prepare
Registering precompiled user dll's ...
Registered in 0.003073 seconds.
Begin MonoManager ReloadAssembly
Native extension for WindowsStandalone target not found
Native extension for OSXStandalone target not found
Refreshing native plugins compatible for Editor in 0.61 ms, found 1 plugins.
Preloading 0 native plugins for Editor in 0.00 ms.
Mono: successfully reloaded assembly
- Completed reload, in  0.874 seconds
Platform modules already initialized, skipping
Refreshing native plugins compatible for Editor in 0.54 ms, found 1 plugins.
Preloading 0 native plugins for Editor in 0.00 ms.
Unloading 3162 Unused Serialized files (Serialized files now loaded: 0)
System memory in use before: 124.5 MB.
System memory in use after: 124.7 MB.

Unloading 12 unused Assets to reduce memory usage. Loaded Objects now: 3695.
Total: 2.349800 ms (FindLiveObjects: 0.262300 ms CreateObjectMapping: 0.137500 ms MarkObjects: 1.903800 ms  DeleteObjects: 0.044900 ms)

========================================================================
Received Prepare
Registering precompiled user dll's ...
Registered in 0.003844 seconds.
Begin MonoManager ReloadAssembly
Native extension for WindowsStandalone target not found
Native extension for OSXStandalone target not found
Refreshing native plugins compatible for Editor in 0.62 ms, found 1 plugins.
Preloading 0 native plugins for Editor in 0.00 ms.
Mono: successfully reloaded assembly
- Completed reload, in  1.004 seconds
Platform modules already initialized, skipping
Refreshing native plugins compatible for Editor in 0.58 ms, found 1 plugins.
Preloading 0 native plugins for Editor in 0.00 ms.
Unloading 3162 Unused Serialized files (Serialized files now loaded: 0)
System memory in use before: 124.5 MB.
System memory in use after: 124.7 MB.

Unloading 12 unused Assets to reduce memory usage. Loaded Objects now: 3698.
Total: 2.504900 ms (FindLiveObjects: 0.308300 ms CreateObjectMapping: 0.201500 ms MarkObjects: 1.938500 ms  DeleteObjects: 0.055300 ms)

AssetImportWorkerClient::OnTransportError - code=2 error=End of file
